c:\users\kot\yandexdisk\number\bin-int\debug-windows-x86_64\sandbox\vc143.pdb
c:\users\kot\yandexdisk\number\bin-int\debug-windows-x86_64\sandbox\vc143.idb
c:\users\kot\yandexdisk\number\bin-int\debug-windows-x86_64\sandbox\sandboxapp.obj
c:\users\kot\yandexdisk\number\bin-int\debug-windows-x86_64\sandbox\sandbox.tlog\cl.command.1.tlog
c:\users\kot\yandexdisk\number\bin-int\debug-windows-x86_64\sandbox\sandbox.tlog\cl.items.tlog
c:\users\kot\yandexdisk\number\bin-int\debug-windows-x86_64\sandbox\sandbox.tlog\cl.read.1.tlog
c:\users\kot\yandexdisk\number\bin-int\debug-windows-x86_64\sandbox\sandbox.tlog\cl.write.1.tlog
c:\users\kot\yandexdisk\number\bin-int\debug-windows-x86_64\sandbox\sandbox.tlog\link-cvtres.read.1.tlog
c:\users\kot\yandexdisk\number\bin-int\debug-windows-x86_64\sandbox\sandbox.tlog\link-cvtres.write.1.tlog
c:\users\kot\yandexdisk\number\bin-int\debug-windows-x86_64\sandbox\sandbox.tlog\link-rc.read.1.tlog
c:\users\kot\yandexdisk\number\bin-int\debug-windows-x86_64\sandbox\sandbox.tlog\link-rc.write.1.tlog
c:\users\kot\yandexdisk\number\bin-int\debug-windows-x86_64\sandbox\sandbox.tlog\link.16272-cvtres.read.1.tlog
c:\users\kot\yandexdisk\number\bin-int\debug-windows-x86_64\sandbox\sandbox.tlog\link.16272-cvtres.write.1.tlog
c:\users\kot\yandexdisk\number\bin-int\debug-windows-x86_64\sandbox\sandbox.tlog\link.16272-rc.read.1.tlog
c:\users\kot\yandexdisk\number\bin-int\debug-windows-x86_64\sandbox\sandbox.tlog\link.16272-rc.write.1.tlog
c:\users\kot\yandexdisk\number\bin-int\debug-windows-x86_64\sandbox\sandbox.tlog\link.16272.read.1.tlog
c:\users\kot\yandexdisk\number\bin-int\debug-windows-x86_64\sandbox\sandbox.tlog\link.16272.read.2.tlog
c:\users\kot\yandexdisk\number\bin-int\debug-windows-x86_64\sandbox\sandbox.tlog\link.16272.write.1.tlog
c:\users\kot\yandexdisk\number\bin-int\debug-windows-x86_64\sandbox\sandbox.tlog\link.command.1.tlog
c:\users\kot\yandexdisk\number\bin-int\debug-windows-x86_64\sandbox\sandbox.tlog\link.read.1.tlog
c:\users\kot\yandexdisk\number\bin-int\debug-windows-x86_64\sandbox\sandbox.tlog\link.read.2.tlog
c:\users\kot\yandexdisk\number\bin-int\debug-windows-x86_64\sandbox\sandbox.tlog\link.write.1.tlog
