  numpch.cpp
  Application.cpp
C:\GameDev\Number\Number\src\Number\Layer.h(21,21): warning C4251: 'Number::Layer::m_DebugName': class 'std::basic_string<char,std::char_traits<char>,std::allocator<char>>' needs to have dll-interface to be used by clients of class 'Number::Layer'
C:\Program Edit\VisualStudio 2022\VC\Tools\MSVC\14.37.32822\include\xstring(5119,29): message : see declaration of 'std::basic_string<char,std::char_traits<char>,std::allocator<char>>'
C:\GameDev\Number\Number\src\Number\LayerStack.h(22,29): warning C4251: 'Number::LayerStack::m_Layers': class 'std::vector<Number::Layer *,std::allocator<Number::Layer *>>' needs to have dll-interface to be used by clients of class 'Number::LayerStack'
C:\GameDev\Number\Number\src\Number\LayerStack.h(19,14): message : see declaration of 'std::vector<Number::Layer *,std::allocator<Number::Layer *>>'
C:\GameDev\Number\Number\src\Number\LayerStack.h(23,39): warning C4251: 'Number::LayerStack::m_LayerInsert': class 'std::_Vector_iterator<std::_Vector_val<std::_Simple_types<_Ty>>>' needs to have dll-interface to be used by clients of class 'Number::LayerStack'
          with
          [
              _Ty=Number::Layer *
          ]
C:\Program Edit\VisualStudio 2022\VC\Tools\MSVC\14.37.32822\include\vector(605,36): message : see declaration of 'std::_Vector_iterator<std::_Vector_val<std::_Simple_types<_Ty>>>'
          with
          [
              _Ty=Number::Layer *
          ]
C:\GameDev\Number\Number\src\Number\Application.h(27,33): warning C4251: 'Number::Application::m_Window': class 'std::unique_ptr<Number::Window,std::default_delete<Number::Window>>' needs to have dll-interface to be used by clients of class 'Number::Application'
C:\GameDev\Number\Number\src\Number\Application.h(27,14): message : see declaration of 'std::unique_ptr<Number::Window,std::default_delete<Number::Window>>'
C:\GameDev\Number\Number\src\Number\Log.h(17,42): warning C4251: 'Number::Log::s_CoreLogger': class 'std::shared_ptr<spdlog::logger>' needs to have dll-interface to be used by clients of class 'Number::Log'
C:\GameDev\Number\Number\vendor\spdlog\include\spdlog\details\registry.h(34,31): message : see declaration of 'std::shared_ptr<spdlog::logger>'
C:\GameDev\Number\Number\src\Number\Log.h(18,42): warning C4251: 'Number::Log::s_ClientLogger': class 'std::shared_ptr<spdlog::logger>' needs to have dll-interface to be used by clients of class 'Number::Log'
C:\GameDev\Number\Number\vendor\spdlog\include\spdlog\details\registry.h(34,31): message : see declaration of 'std::shared_ptr<spdlog::logger>'
  Layer.cpp
C:\GameDev\Number\Number\src\Number\Layer.h(21,21): warning C4251: 'Number::Layer::m_DebugName': class 'std::basic_string<char,std::char_traits<char>,std::allocator<char>>' needs to have dll-interface to be used by clients of class 'Number::Layer'
C:\Program Edit\VisualStudio 2022\VC\Tools\MSVC\14.37.32822\include\xstring(5119,29): message : see declaration of 'std::basic_string<char,std::char_traits<char>,std::allocator<char>>'
  LayerStack.cpp
C:\GameDev\Number\Number\src\Number\Layer.h(21,21): warning C4251: 'Number::Layer::m_DebugName': class 'std::basic_string<char,std::char_traits<char>,std::allocator<char>>' needs to have dll-interface to be used by clients of class 'Number::Layer'
C:\Program Edit\VisualStudio 2022\VC\Tools\MSVC\14.37.32822\include\xstring(5119,29): message : see declaration of 'std::basic_string<char,std::char_traits<char>,std::allocator<char>>'
C:\GameDev\Number\Number\src\Number\LayerStack.h(22,29): warning C4251: 'Number::LayerStack::m_Layers': class 'std::vector<Number::Layer *,std::allocator<Number::Layer *>>' needs to have dll-interface to be used by clients of class 'Number::LayerStack'
C:\GameDev\Number\Number\src\Number\LayerStack.h(19,14): message : see declaration of 'std::vector<Number::Layer *,std::allocator<Number::Layer *>>'
C:\GameDev\Number\Number\src\Number\LayerStack.h(23,39): warning C4251: 'Number::LayerStack::m_LayerInsert': class 'std::_Vector_iterator<std::_Vector_val<std::_Simple_types<_Ty>>>' needs to have dll-interface to be used by clients of class 'Number::LayerStack'
          with
          [
              _Ty=Number::Layer *
          ]
C:\Program Edit\VisualStudio 2022\VC\Tools\MSVC\14.37.32822\include\vector(605,36): message : see declaration of 'std::_Vector_iterator<std::_Vector_val<std::_Simple_types<_Ty>>>'
          with
          [
              _Ty=Number::Layer *
          ]
  Log.cpp
C:\GameDev\Number\Number\src\Number\Log.h(17,42): warning C4251: 'Number::Log::s_CoreLogger': class 'std::shared_ptr<spdlog::logger>' needs to have dll-interface to be used by clients of class 'Number::Log'
C:\GameDev\Number\Number\vendor\spdlog\include\spdlog\details\registry.h(34,31): message : see declaration of 'std::shared_ptr<spdlog::logger>'
C:\GameDev\Number\Number\src\Number\Log.h(18,42): warning C4251: 'Number::Log::s_ClientLogger': class 'std::shared_ptr<spdlog::logger>' needs to have dll-interface to be used by clients of class 'Number::Log'
C:\GameDev\Number\Number\vendor\spdlog\include\spdlog\details\registry.h(34,31): message : see declaration of 'std::shared_ptr<spdlog::logger>'
  WindowsWindow.cpp
C:\GameDev\Number\Number\src\Number\Log.h(17,42): warning C4251: 'Number::Log::s_CoreLogger': class 'std::shared_ptr<spdlog::logger>' needs to have dll-interface to be used by clients of class 'Number::Log'
C:\GameDev\Number\Number\vendor\spdlog\include\spdlog\details\registry.h(34,31): message : see declaration of 'std::shared_ptr<spdlog::logger>'
C:\GameDev\Number\Number\src\Number\Log.h(18,42): warning C4251: 'Number::Log::s_ClientLogger': class 'std::shared_ptr<spdlog::logger>' needs to have dll-interface to be used by clients of class 'Number::Log'
C:\GameDev\Number\Number\vendor\spdlog\include\spdlog\details\registry.h(34,31): message : see declaration of 'std::shared_ptr<spdlog::logger>'
C:\GameDev\Number\Number\src\Number\Events\KeyEvent.h(7,37): warning C4275: non dll-interface class 'Number::Event' used as base for dll-interface class 'Number::KeyEvent'
C:\GameDev\Number\Number\src\Number\Events\Event.h(32,8): message : see declaration of 'Number::Event'
C:\GameDev\Number\Number\src\Number\Events\KeyEvent.h(7,19): message : see declaration of 'Number::KeyEvent'
  Generating Code...
LINK : fatal error LNK1104: cannot open file 'C:\GameDev\Number\Number\vendor\imgui\bin\Debug-windows-x86_64\ImGui\ImGui.lib'
