c:\gamedev\projects\number\bin-int\debug-windows-x86_64\number\number.pch
c:\gamedev\projects\number\bin-int\debug-windows-x86_64\number\vc143.pdb
c:\gamedev\projects\number\bin-int\debug-windows-x86_64\number\vc143.idb
c:\gamedev\projects\number\bin-int\debug-windows-x86_64\number\numpch.obj
c:\gamedev\projects\number\bin-int\debug-windows-x86_64\number\windowswindow.obj
c:\gamedev\projects\number\bin-int\debug-windows-x86_64\number\log.obj
c:\gamedev\projects\number\bin-int\debug-windows-x86_64\number\layerstack.obj
c:\gamedev\projects\number\bin-int\debug-windows-x86_64\number\layer.obj
c:\gamedev\projects\number\bin-int\debug-windows-x86_64\number\application.obj
c:\gamedev\projects\number\bin-int\debug-windows-x86_64\number\imguilayer.obj
c:\gamedev\projects\number\bin\debug-windows-x86_64\number\number.lib
c:\gamedev\projects\number\bin\debug-windows-x86_64\number\number.exp
c:\gamedev\projects\number\bin\debug-windows-x86_64\number\number.dll
c:\gamedev\projects\number\bin-int\debug-windows-x86_64\number\number.ilk
c:\gamedev\projects\number\bin\debug-windows-x86_64\number\number.pdb
c:\gamedev\projects\number\bin-int\debug-windows-x86_64\number\number.tlog\cl.command.1.tlog
c:\gamedev\projects\number\bin-int\debug-windows-x86_64\number\number.tlog\cl.items.tlog
c:\gamedev\projects\number\bin-int\debug-windows-x86_64\number\number.tlog\cl.read.1.tlog
c:\gamedev\projects\number\bin-int\debug-windows-x86_64\number\number.tlog\cl.write.1.tlog
c:\gamedev\projects\number\bin-int\debug-windows-x86_64\number\number.tlog\link.command.1.tlog
c:\gamedev\projects\number\bin-int\debug-windows-x86_64\number\number.tlog\link.read.1.tlog
c:\gamedev\projects\number\bin-int\debug-windows-x86_64\number\number.tlog\link.write.1.tlog
c:\gamedev\projects\number\bin-int\debug-windows-x86_64\number\number.tlog\link.write.2u.tlog
